<?xml version="1.0" encoding="UTF-8"?>
<!-- Generated by org.testng.reporters.JUnitReportReporter -->
<testsuite skipped="0" hostname="DVCGL6104456" name="test1" tests="1" failures="0" timestamp="2020-09-11T15:34:36 IST" time="0.038" errors="0">
  <testcase name="streamFilter" time="0.038" classname="test1"/>
  <system-out/>
</testsuite> <!-- test1 -->
