<?xml version="1.0" encoding="UTF-8"?>
<!-- Generated by org.testng.reporters.JUnitReportReporter -->
<testsuite skipped="0" hostname="DVCGL6104456" name="SumValidation" tests="1" failures="0" timestamp="2020-09-14T21:30:34 IST" time="2.545" errors="0">
  <testcase name="sumOfCourses" time="2.545" classname="SumValidation"/>
  <system-out/>
</testsuite> <!-- SumValidation -->
