<?xml version="1.0" encoding="UTF-8"?>
<!-- Generated by org.testng.reporters.JUnitReportReporter -->
<testsuite skipped="0" hostname="DVCGL6104456" name="E2E.Academy.validateNavBar" tests="1" failures="0" timestamp="2020-08-16T18:10:29 IST" time="23.932" errors="0">
  <testcase name="BarValidation" time="23.932" classname="E2E.Academy.validateNavBar"/>
  <system-out/>
</testsuite> <!-- E2E.Academy.validateNavBar -->
