<?xml version="1.0" encoding="UTF-8"?>
<!-- Generated by org.testng.reporters.JUnitReportReporter -->
<testsuite skipped="0" hostname="DVCGL6104456" name="E2E.Academy.HomePage" tests="2" failures="0" timestamp="2020-08-16T18:10:29 IST" time="52.884" errors="0">
  <testcase name="basePageNavigation" time="36.413" classname="E2E.Academy.HomePage"/>
  <system-out/>
  <testcase name="basePageNavigation" time="16.471" classname="E2E.Academy.HomePage"/>
  <system-out/>
</testsuite> <!-- E2E.Academy.HomePage -->
