<?xml version="1.0" encoding="UTF-8"?>
<!-- Generated by org.testng.reporters.JUnitReportReporter -->
<testsuite skipped="0" hostname="DVCGL6104456" name="E2E.Academy.validateTitle" tests="1" failures="0" timestamp="2020-08-16T18:10:29 IST" time="24.131" errors="0">
  <testcase name="TitleValidation" time="24.131" classname="E2E.Academy.validateTitle"/>
  <system-out/>
</testsuite> <!-- E2E.Academy.validateTitle -->
