<?xml version="1.0" encoding="UTF-8"?>
<!-- Generated by org.testng.reporters.JUnitReportReporter -->
<testsuite skipped="0" hostname="DVCGL6104456" name="BasicsTestNG" tests="1" failures="0" timestamp="2020-08-04T19:35:35 IST" time="0.032" errors="0">
  <testcase name="Demo" time="0.032" classname="BasicsTestNG"/>
  <system-out/>
</testsuite> <!-- BasicsTestNG -->
