<?xml version="1.0" encoding="UTF-8"?>
<!-- Generated by org.testng.reporters.JUnitReportReporter -->
<testsuite skipped="0" hostname="DVCGL6104456" name="TestCases.LoginApplication" tests="1" failures="0" timestamp="2020-08-12T13:58:56 IST" time="31.106" errors="0">
  <testcase name="login" time="31.106" classname="TestCases.LoginApplication"/>
  <system-out/>
</testsuite> <!-- TestCases.LoginApplication -->
