<?xml version="1.0" encoding="UTF-8"?>
<!-- Generated by org.testng.reporters.JUnitReportReporter -->
<testsuite skipped="0" hostname="DVCGL6104456" name="rahulshettyacademy.ExtentReports.ExtentReportDemo" tests="1" failures="0" timestamp="2020-08-10T13:33:43 IST" time="33.897" errors="0">
  <testcase name="initialDemo" time="33.897" classname="rahulshettyacademy.ExtentReports.ExtentReportDemo"/>
  <system-out/>
</testsuite> <!-- rahulshettyacademy.ExtentReports.ExtentReportDemo -->
